2024-05-20 11:20:10 [INFO][com.alj.BbsWebApplication][logStarting][55]-> Starting BbsWebApplication using Java 1.8.0_281 on LAPTOP-BLDFP1U1 with PID 8828 (D:\java\bbsforalj\bbs-backend\bbs-web\target\classes started by alj in D:\java\bbsforalj)
2024-05-20 11:20:10 [INFO][com.alj.BbsWebApplication][logStartupProfileInfo][635]-> No active profile set, falling back to default profiles: default
2024-05-20 11:20:11 [INFO][org.springframework.boot.web.embedded.tomcat.TomcatWebServer][initialize][108]-> Tomcat initialized with port(s): 8080 (http)
2024-05-20 11:20:11 [INFO][org.apache.coyote.http11.Http11NioProtocol][log][173]-> Initializing ProtocolHandler ["http-nio-8080"]
2024-05-20 11:20:11 [INFO][org.apache.catalina.core.StandardService][log][173]-> Starting service [Tomcat]
2024-05-20 11:20:11 [INFO][org.apache.catalina.core.StandardEngine][log][173]-> Starting Servlet engine: [Apache Tomcat/9.0.55]
2024-05-20 11:20:11 [WARN][org.apache.catalina.core.AprLifecycleListener][log][173]-> This listener must only be nested within Server elements, but is in [TomcatEmbeddedContext].
2024-05-20 11:20:11 [INFO][org.apache.catalina.core.AprLifecycleListener][log][173]-> Loaded Apache Tomcat Native library [1.2.35] using APR version [1.7.0].
2024-05-20 11:20:11 [INFO][org.apache.catalina.core.AprLifecycleListener][log][173]-> APR capabilities: IPv6 [true], sendfile [true], accept filters [false], random [true], UDS [true].
2024-05-20 11:20:11 [INFO][org.apache.catalina.core.AprLifecycleListener][log][173]-> APR/OpenSSL configuration: useAprConnector [false], useOpenSSL [true]
2024-05-20 11:20:11 [INFO][org.apache.catalina.core.AprLifecycleListener][log][173]-> OpenSSL successfully initialized [OpenSSL 1.1.1q  5 Jul 2022]
2024-05-20 11:20:11 [INFO][org.apache.catalina.core.ContainerBase.[Tomcat].[localhost].[/api]][log][173]-> Initializing Spring embedded WebApplicationContext
2024-05-20 11:20:11 [INFO][org.springframework.boot.web.servlet.context.ServletWebServerApplicationContext][prepareWebApplicationContext][290]-> Root WebApplicationContext: initialization completed in 1098 ms
2024-05-20 11:20:12 [INFO][org.apache.coyote.http11.Http11NioProtocol][log][173]-> Starting ProtocolHandler ["http-nio-8080"]
2024-05-20 11:20:12 [INFO][org.springframework.boot.web.embedded.tomcat.TomcatWebServer][start][220]-> Tomcat started on port(s): 8080 (http) with context path '/api'
2024-05-20 11:20:12 [INFO][com.alj.BbsWebApplication][logStarted][61]-> Started BbsWebApplication in 2.992 seconds (JVM running for 3.852)
2024-05-20 11:20:12 [INFO][com.zaxxer.hikari.HikariDataSource][getConnection][110]-> HikariCPDatasource - Starting...
2024-05-20 11:20:13 [INFO][com.zaxxer.hikari.HikariDataSource][getConnection][123]-> HikariCPDatasource - Start completed.
2024-05-20 11:20:14 [INFO][org.apache.catalina.core.ContainerBase.[Tomcat].[localhost].[/api]][log][173]-> Initializing Spring DispatcherServlet 'dispatcherServlet'
2024-05-20 11:20:14 [INFO][org.springframework.web.servlet.DispatcherServlet][initServletBean][525]-> Initializing Servlet 'dispatcherServlet'
2024-05-20 11:20:14 [INFO][org.springframework.web.servlet.DispatcherServlet][initServletBean][547]-> Completed initialization in 2 ms
2024-05-20 11:20:36 [INFO][org.apache.mahout.cf.taste.impl.model.GenericDataModel][<init>][113]-> Processed 2 users
2024-05-20 11:25:32 [INFO][com.zaxxer.hikari.HikariDataSource][close][350]-> HikariCPDatasource - Shutdown initiated...
2024-05-20 11:25:32 [INFO][com.zaxxer.hikari.HikariDataSource][close][352]-> HikariCPDatasource - Shutdown completed.
2024-05-20 11:25:35 [INFO][com.alj.BbsWebApplication][logStarting][55]-> Starting BbsWebApplication using Java 1.8.0_281 on LAPTOP-BLDFP1U1 with PID 5752 (D:\java\bbsforalj\bbs-backend\bbs-web\target\classes started by alj in D:\java\bbsforalj)
2024-05-20 11:25:35 [INFO][com.alj.BbsWebApplication][logStartupProfileInfo][635]-> No active profile set, falling back to default profiles: default
2024-05-20 11:25:36 [INFO][org.springframework.boot.web.embedded.tomcat.TomcatWebServer][initialize][108]-> Tomcat initialized with port(s): 8080 (http)
2024-05-20 11:25:36 [INFO][org.apache.coyote.http11.Http11NioProtocol][log][173]-> Initializing ProtocolHandler ["http-nio-8080"]
2024-05-20 11:25:36 [INFO][org.apache.catalina.core.StandardService][log][173]-> Starting service [Tomcat]
2024-05-20 11:25:36 [INFO][org.apache.catalina.core.StandardEngine][log][173]-> Starting Servlet engine: [Apache Tomcat/9.0.55]
2024-05-20 11:25:36 [WARN][org.apache.catalina.core.AprLifecycleListener][log][173]-> This listener must only be nested within Server elements, but is in [TomcatEmbeddedContext].
2024-05-20 11:25:36 [INFO][org.apache.catalina.core.AprLifecycleListener][log][173]-> Loaded Apache Tomcat Native library [1.2.35] using APR version [1.7.0].
2024-05-20 11:25:36 [INFO][org.apache.catalina.core.AprLifecycleListener][log][173]-> APR capabilities: IPv6 [true], sendfile [true], accept filters [false], random [true], UDS [true].
2024-05-20 11:25:36 [INFO][org.apache.catalina.core.AprLifecycleListener][log][173]-> APR/OpenSSL configuration: useAprConnector [false], useOpenSSL [true]
2024-05-20 11:25:36 [INFO][org.apache.catalina.core.AprLifecycleListener][log][173]-> OpenSSL successfully initialized [OpenSSL 1.1.1q  5 Jul 2022]
2024-05-20 11:25:36 [INFO][org.apache.catalina.core.ContainerBase.[Tomcat].[localhost].[/api]][log][173]-> Initializing Spring embedded WebApplicationContext
2024-05-20 11:25:36 [INFO][org.springframework.boot.web.servlet.context.ServletWebServerApplicationContext][prepareWebApplicationContext][290]-> Root WebApplicationContext: initialization completed in 673 ms
2024-05-20 11:25:37 [INFO][org.apache.coyote.http11.Http11NioProtocol][log][173]-> Starting ProtocolHandler ["http-nio-8080"]
2024-05-20 11:25:37 [INFO][org.springframework.boot.web.embedded.tomcat.TomcatWebServer][start][220]-> Tomcat started on port(s): 8080 (http) with context path '/api'
2024-05-20 11:25:38 [INFO][com.alj.BbsWebApplication][logStarted][61]-> Started BbsWebApplication in 2.299 seconds (JVM running for 3.02)
2024-05-20 11:25:38 [INFO][com.zaxxer.hikari.HikariDataSource][getConnection][110]-> HikariCPDatasource - Starting...
2024-05-20 11:25:38 [INFO][com.zaxxer.hikari.HikariDataSource][getConnection][123]-> HikariCPDatasource - Start completed.
2024-05-20 11:25:42 [INFO][org.apache.catalina.core.ContainerBase.[Tomcat].[localhost].[/api]][log][173]-> Initializing Spring DispatcherServlet 'dispatcherServlet'
2024-05-20 11:25:42 [INFO][org.springframework.web.servlet.DispatcherServlet][initServletBean][525]-> Initializing Servlet 'dispatcherServlet'
2024-05-20 11:25:42 [INFO][org.springframework.web.servlet.DispatcherServlet][initServletBean][547]-> Completed initialization in 0 ms
2024-05-20 11:26:01 [INFO][org.apache.mahout.cf.taste.impl.model.GenericDataModel][<init>][113]-> Processed 2 users
2024-05-20 11:30:34 [INFO][com.zaxxer.hikari.HikariDataSource][close][350]-> HikariCPDatasource - Shutdown initiated...
2024-05-20 11:30:34 [INFO][com.zaxxer.hikari.HikariDataSource][close][352]-> HikariCPDatasource - Shutdown completed.
2024-05-20 11:30:40 [INFO][com.alj.BbsWebApplication][logStarting][55]-> Starting BbsWebApplication using Java 1.8.0_281 on LAPTOP-BLDFP1U1 with PID 15356 (D:\java\bbsforalj\bbs-backend\bbs-web\target\classes started by alj in D:\java\bbsforalj)
2024-05-20 11:30:40 [INFO][com.alj.BbsWebApplication][logStartupProfileInfo][635]-> No active profile set, falling back to default profiles: default
2024-05-20 11:30:40 [INFO][org.springframework.boot.web.embedded.tomcat.TomcatWebServer][initialize][108]-> Tomcat initialized with port(s): 8080 (http)
2024-05-20 11:30:40 [INFO][org.apache.coyote.http11.Http11NioProtocol][log][173]-> Initializing ProtocolHandler ["http-nio-8080"]
2024-05-20 11:30:40 [INFO][org.apache.catalina.core.StandardService][log][173]-> Starting service [Tomcat]
2024-05-20 11:30:40 [INFO][org.apache.catalina.core.StandardEngine][log][173]-> Starting Servlet engine: [Apache Tomcat/9.0.55]
2024-05-20 11:30:40 [WARN][org.apache.catalina.core.AprLifecycleListener][log][173]-> This listener must only be nested within Server elements, but is in [TomcatEmbeddedContext].
2024-05-20 11:30:40 [INFO][org.apache.catalina.core.AprLifecycleListener][log][173]-> Loaded Apache Tomcat Native library [1.2.35] using APR version [1.7.0].
2024-05-20 11:30:40 [INFO][org.apache.catalina.core.AprLifecycleListener][log][173]-> APR capabilities: IPv6 [true], sendfile [true], accept filters [false], random [true], UDS [true].
2024-05-20 11:30:40 [INFO][org.apache.catalina.core.AprLifecycleListener][log][173]-> APR/OpenSSL configuration: useAprConnector [false], useOpenSSL [true]
2024-05-20 11:30:40 [INFO][org.apache.catalina.core.AprLifecycleListener][log][173]-> OpenSSL successfully initialized [OpenSSL 1.1.1q  5 Jul 2022]
2024-05-20 11:30:40 [INFO][org.apache.catalina.core.ContainerBase.[Tomcat].[localhost].[/api]][log][173]-> Initializing Spring embedded WebApplicationContext
2024-05-20 11:30:40 [INFO][org.springframework.boot.web.servlet.context.ServletWebServerApplicationContext][prepareWebApplicationContext][290]-> Root WebApplicationContext: initialization completed in 651 ms
2024-05-20 11:30:41 [INFO][org.apache.coyote.http11.Http11NioProtocol][log][173]-> Starting ProtocolHandler ["http-nio-8080"]
2024-05-20 11:30:41 [INFO][org.springframework.boot.web.embedded.tomcat.TomcatWebServer][start][220]-> Tomcat started on port(s): 8080 (http) with context path '/api'
2024-05-20 11:30:41 [INFO][com.alj.BbsWebApplication][logStarted][61]-> Started BbsWebApplication in 2.238 seconds (JVM running for 3.008)
2024-05-20 11:30:42 [INFO][com.zaxxer.hikari.HikariDataSource][getConnection][110]-> HikariCPDatasource - Starting...
2024-05-20 11:30:42 [INFO][com.zaxxer.hikari.HikariDataSource][getConnection][123]-> HikariCPDatasource - Start completed.
2024-05-20 11:30:49 [INFO][org.apache.catalina.core.ContainerBase.[Tomcat].[localhost].[/api]][log][173]-> Initializing Spring DispatcherServlet 'dispatcherServlet'
2024-05-20 11:30:49 [INFO][org.springframework.web.servlet.DispatcherServlet][initServletBean][525]-> Initializing Servlet 'dispatcherServlet'
2024-05-20 11:30:49 [INFO][org.springframework.web.servlet.DispatcherServlet][initServletBean][547]-> Completed initialization in 1 ms
2024-05-20 11:31:05 [ERROR][com.alj.controller.AGlobalExceptionHandlerController][handleException][24]-> 请求错误，请求地址http://localhost:8080/api/login,错误信息:
com.alj.exception.BusinessException: 图片验证码错误
2024-05-20 11:31:17 [INFO][org.apache.mahout.cf.taste.impl.model.GenericDataModel][<init>][113]-> Processed 2 users
2024-05-20 11:40:08 [INFO][com.zaxxer.hikari.HikariDataSource][close][350]-> HikariCPDatasource - Shutdown initiated...
2024-05-20 11:40:08 [INFO][com.zaxxer.hikari.HikariDataSource][close][352]-> HikariCPDatasource - Shutdown completed.
2024-05-20 11:40:13 [INFO][com.alj.BbsWebApplication][logStarting][55]-> Starting BbsWebApplication using Java 1.8.0_281 on LAPTOP-BLDFP1U1 with PID 26848 (D:\java\bbsforalj\bbs-backend\bbs-web\target\classes started by alj in D:\java\bbsforalj)
2024-05-20 11:40:13 [INFO][com.alj.BbsWebApplication][logStartupProfileInfo][635]-> No active profile set, falling back to default profiles: default
2024-05-20 11:40:14 [INFO][org.springframework.boot.web.embedded.tomcat.TomcatWebServer][initialize][108]-> Tomcat initialized with port(s): 8080 (http)
2024-05-20 11:40:14 [INFO][org.apache.coyote.http11.Http11NioProtocol][log][173]-> Initializing ProtocolHandler ["http-nio-8080"]
2024-05-20 11:40:14 [INFO][org.apache.catalina.core.StandardService][log][173]-> Starting service [Tomcat]
2024-05-20 11:40:14 [INFO][org.apache.catalina.core.StandardEngine][log][173]-> Starting Servlet engine: [Apache Tomcat/9.0.55]
2024-05-20 11:40:14 [WARN][org.apache.catalina.core.AprLifecycleListener][log][173]-> This listener must only be nested within Server elements, but is in [TomcatEmbeddedContext].
2024-05-20 11:40:14 [INFO][org.apache.catalina.core.AprLifecycleListener][log][173]-> Loaded Apache Tomcat Native library [1.2.35] using APR version [1.7.0].
2024-05-20 11:40:14 [INFO][org.apache.catalina.core.AprLifecycleListener][log][173]-> APR capabilities: IPv6 [true], sendfile [true], accept filters [false], random [true], UDS [true].
2024-05-20 11:40:14 [INFO][org.apache.catalina.core.AprLifecycleListener][log][173]-> APR/OpenSSL configuration: useAprConnector [false], useOpenSSL [true]
2024-05-20 11:40:14 [INFO][org.apache.catalina.core.AprLifecycleListener][log][173]-> OpenSSL successfully initialized [OpenSSL 1.1.1q  5 Jul 2022]
2024-05-20 11:40:14 [INFO][org.apache.catalina.core.ContainerBase.[Tomcat].[localhost].[/api]][log][173]-> Initializing Spring embedded WebApplicationContext
2024-05-20 11:40:14 [INFO][org.springframework.boot.web.servlet.context.ServletWebServerApplicationContext][prepareWebApplicationContext][290]-> Root WebApplicationContext: initialization completed in 666 ms
2024-05-20 11:40:15 [INFO][org.apache.coyote.http11.Http11NioProtocol][log][173]-> Starting ProtocolHandler ["http-nio-8080"]
2024-05-20 11:40:15 [INFO][org.springframework.boot.web.embedded.tomcat.TomcatWebServer][start][220]-> Tomcat started on port(s): 8080 (http) with context path '/api'
2024-05-20 11:40:15 [INFO][com.alj.BbsWebApplication][logStarted][61]-> Started BbsWebApplication in 2.217 seconds (JVM running for 2.895)
2024-05-20 11:40:15 [INFO][com.zaxxer.hikari.HikariDataSource][getConnection][110]-> HikariCPDatasource - Starting...
2024-05-20 11:40:15 [INFO][com.zaxxer.hikari.HikariDataSource][getConnection][123]-> HikariCPDatasource - Start completed.
2024-05-20 11:40:30 [INFO][org.apache.catalina.core.ContainerBase.[Tomcat].[localhost].[/api]][log][173]-> Initializing Spring DispatcherServlet 'dispatcherServlet'
2024-05-20 11:40:30 [INFO][org.springframework.web.servlet.DispatcherServlet][initServletBean][525]-> Initializing Servlet 'dispatcherServlet'
2024-05-20 11:40:30 [INFO][org.springframework.web.servlet.DispatcherServlet][initServletBean][547]-> Completed initialization in 0 ms
2024-05-20 11:40:43 [ERROR][com.alj.controller.AGlobalExceptionHandlerController][handleException][24]-> 请求错误，请求地址http://localhost:8080/api/login,错误信息:
com.alj.exception.BusinessException: 图片验证码错误
2024-05-20 11:40:54 [INFO][org.apache.mahout.cf.taste.impl.model.GenericDataModel][<init>][113]-> Processed 2 users
2024-05-20 12:57:38 [WARN][com.zaxxer.hikari.pool.HikariPool][run][788]-> HikariCPDatasource - Thread starvation or clock leap detected (housekeeper delta=1h48s123ms545µs600ns).
2024-05-20 13:20:12 [INFO][com.zaxxer.hikari.HikariDataSource][close][350]-> HikariCPDatasource - Shutdown initiated...
2024-05-20 13:20:12 [INFO][com.zaxxer.hikari.HikariDataSource][close][352]-> HikariCPDatasource - Shutdown completed.
2024-05-20 13:20:17 [INFO][com.alj.BbsWebApplication][logStarting][55]-> Starting BbsWebApplication using Java 1.8.0_281 on LAPTOP-BLDFP1U1 with PID 4152 (D:\java\bbsforalj\bbs-backend\bbs-web\target\classes started by alj in D:\java\bbsforalj)
2024-05-20 13:20:17 [INFO][com.alj.BbsWebApplication][logStartupProfileInfo][635]-> No active profile set, falling back to default profiles: default
2024-05-20 13:20:18 [INFO][org.springframework.boot.web.embedded.tomcat.TomcatWebServer][initialize][108]-> Tomcat initialized with port(s): 8080 (http)
2024-05-20 13:20:18 [INFO][org.apache.coyote.http11.Http11NioProtocol][log][173]-> Initializing ProtocolHandler ["http-nio-8080"]
2024-05-20 13:20:18 [INFO][org.apache.catalina.core.StandardService][log][173]-> Starting service [Tomcat]
2024-05-20 13:20:18 [INFO][org.apache.catalina.core.StandardEngine][log][173]-> Starting Servlet engine: [Apache Tomcat/9.0.55]
2024-05-20 13:20:18 [WARN][org.apache.catalina.core.AprLifecycleListener][log][173]-> This listener must only be nested within Server elements, but is in [TomcatEmbeddedContext].
2024-05-20 13:20:18 [INFO][org.apache.catalina.core.AprLifecycleListener][log][173]-> Loaded Apache Tomcat Native library [1.2.35] using APR version [1.7.0].
2024-05-20 13:20:18 [INFO][org.apache.catalina.core.AprLifecycleListener][log][173]-> APR capabilities: IPv6 [true], sendfile [true], accept filters [false], random [true], UDS [true].
2024-05-20 13:20:18 [INFO][org.apache.catalina.core.AprLifecycleListener][log][173]-> APR/OpenSSL configuration: useAprConnector [false], useOpenSSL [true]
2024-05-20 13:20:18 [INFO][org.apache.catalina.core.AprLifecycleListener][log][173]-> OpenSSL successfully initialized [OpenSSL 1.1.1q  5 Jul 2022]
2024-05-20 13:20:18 [INFO][org.apache.catalina.core.ContainerBase.[Tomcat].[localhost].[/api]][log][173]-> Initializing Spring embedded WebApplicationContext
2024-05-20 13:20:18 [INFO][org.springframework.boot.web.servlet.context.ServletWebServerApplicationContext][prepareWebApplicationContext][290]-> Root WebApplicationContext: initialization completed in 754 ms
2024-05-20 13:20:19 [INFO][org.apache.coyote.http11.Http11NioProtocol][log][173]-> Starting ProtocolHandler ["http-nio-8080"]
2024-05-20 13:20:19 [INFO][org.springframework.boot.web.embedded.tomcat.TomcatWebServer][start][220]-> Tomcat started on port(s): 8080 (http) with context path '/api'
2024-05-20 13:20:19 [INFO][com.alj.BbsWebApplication][logStarted][61]-> Started BbsWebApplication in 2.381 seconds (JVM running for 3.127)
2024-05-20 13:20:19 [INFO][com.zaxxer.hikari.HikariDataSource][getConnection][110]-> HikariCPDatasource - Starting...
2024-05-20 13:20:19 [INFO][com.zaxxer.hikari.HikariDataSource][getConnection][123]-> HikariCPDatasource - Start completed.
2024-05-20 13:20:27 [INFO][org.apache.catalina.core.ContainerBase.[Tomcat].[localhost].[/api]][log][173]-> Initializing Spring DispatcherServlet 'dispatcherServlet'
2024-05-20 13:20:27 [INFO][org.springframework.web.servlet.DispatcherServlet][initServletBean][525]-> Initializing Servlet 'dispatcherServlet'
2024-05-20 13:20:27 [INFO][org.springframework.web.servlet.DispatcherServlet][initServletBean][547]-> Completed initialization in 0 ms
2024-05-20 13:20:37 [ERROR][com.alj.controller.AGlobalExceptionHandlerController][handleException][24]-> 请求错误，请求地址http://localhost:8080/api/login,错误信息:
com.alj.exception.BusinessException: 图片验证码错误
2024-05-20 13:20:48 [INFO][org.apache.mahout.cf.taste.impl.model.GenericDataModel][<init>][113]-> Processed 2 users
2024-05-20 13:23:20 [INFO][com.zaxxer.hikari.HikariDataSource][close][350]-> HikariCPDatasource - Shutdown initiated...
2024-05-20 13:23:20 [INFO][com.zaxxer.hikari.HikariDataSource][close][352]-> HikariCPDatasource - Shutdown completed.
2024-05-20 13:23:25 [INFO][com.alj.BbsWebApplication][logStarting][55]-> Starting BbsWebApplication using Java 1.8.0_281 on LAPTOP-BLDFP1U1 with PID 26472 (D:\java\bbsforalj\bbs-backend\bbs-web\target\classes started by alj in D:\java\bbsforalj)
2024-05-20 13:23:25 [INFO][com.alj.BbsWebApplication][logStartupProfileInfo][635]-> No active profile set, falling back to default profiles: default
2024-05-20 13:23:26 [INFO][org.springframework.boot.web.embedded.tomcat.TomcatWebServer][initialize][108]-> Tomcat initialized with port(s): 8080 (http)
2024-05-20 13:23:26 [INFO][org.apache.coyote.http11.Http11NioProtocol][log][173]-> Initializing ProtocolHandler ["http-nio-8080"]
2024-05-20 13:23:26 [INFO][org.apache.catalina.core.StandardService][log][173]-> Starting service [Tomcat]
2024-05-20 13:23:26 [INFO][org.apache.catalina.core.StandardEngine][log][173]-> Starting Servlet engine: [Apache Tomcat/9.0.55]
2024-05-20 13:23:26 [WARN][org.apache.catalina.core.AprLifecycleListener][log][173]-> This listener must only be nested within Server elements, but is in [TomcatEmbeddedContext].
2024-05-20 13:23:26 [INFO][org.apache.catalina.core.AprLifecycleListener][log][173]-> Loaded Apache Tomcat Native library [1.2.35] using APR version [1.7.0].
2024-05-20 13:23:26 [INFO][org.apache.catalina.core.AprLifecycleListener][log][173]-> APR capabilities: IPv6 [true], sendfile [true], accept filters [false], random [true], UDS [true].
2024-05-20 13:23:26 [INFO][org.apache.catalina.core.AprLifecycleListener][log][173]-> APR/OpenSSL configuration: useAprConnector [false], useOpenSSL [true]
2024-05-20 13:23:26 [INFO][org.apache.catalina.core.AprLifecycleListener][log][173]-> OpenSSL successfully initialized [OpenSSL 1.1.1q  5 Jul 2022]
2024-05-20 13:23:26 [INFO][org.apache.catalina.core.ContainerBase.[Tomcat].[localhost].[/api]][log][173]-> Initializing Spring embedded WebApplicationContext
2024-05-20 13:23:26 [INFO][org.springframework.boot.web.servlet.context.ServletWebServerApplicationContext][prepareWebApplicationContext][290]-> Root WebApplicationContext: initialization completed in 744 ms
2024-05-20 13:23:27 [INFO][org.apache.coyote.http11.Http11NioProtocol][log][173]-> Starting ProtocolHandler ["http-nio-8080"]
2024-05-20 13:23:27 [INFO][org.springframework.boot.web.embedded.tomcat.TomcatWebServer][start][220]-> Tomcat started on port(s): 8080 (http) with context path '/api'
2024-05-20 13:23:27 [INFO][com.alj.BbsWebApplication][logStarted][61]-> Started BbsWebApplication in 2.349 seconds (JVM running for 3.084)
2024-05-20 13:23:27 [INFO][com.zaxxer.hikari.HikariDataSource][getConnection][110]-> HikariCPDatasource - Starting...
2024-05-20 13:23:27 [INFO][com.zaxxer.hikari.HikariDataSource][getConnection][123]-> HikariCPDatasource - Start completed.
2024-05-20 13:23:39 [INFO][org.apache.catalina.core.ContainerBase.[Tomcat].[localhost].[/api]][log][173]-> Initializing Spring DispatcherServlet 'dispatcherServlet'
2024-05-20 13:23:39 [INFO][org.springframework.web.servlet.DispatcherServlet][initServletBean][525]-> Initializing Servlet 'dispatcherServlet'
2024-05-20 13:23:39 [INFO][org.springframework.web.servlet.DispatcherServlet][initServletBean][547]-> Completed initialization in 1 ms
2024-05-20 13:23:56 [INFO][org.apache.mahout.cf.taste.impl.model.GenericDataModel][<init>][113]-> Processed 2 users
2024-05-20 13:32:17 [INFO][com.zaxxer.hikari.HikariDataSource][close][350]-> HikariCPDatasource - Shutdown initiated...
2024-05-20 13:32:17 [INFO][com.zaxxer.hikari.HikariDataSource][close][352]-> HikariCPDatasource - Shutdown completed.
2024-05-20 13:32:22 [INFO][com.alj.BbsWebApplication][logStarting][55]-> Starting BbsWebApplication using Java 1.8.0_281 on LAPTOP-BLDFP1U1 with PID 15684 (D:\java\bbsforalj\bbs-backend\bbs-web\target\classes started by alj in D:\java\bbsforalj)
2024-05-20 13:32:22 [INFO][com.alj.BbsWebApplication][logStartupProfileInfo][635]-> No active profile set, falling back to default profiles: default
2024-05-20 13:32:23 [INFO][org.springframework.boot.web.embedded.tomcat.TomcatWebServer][initialize][108]-> Tomcat initialized with port(s): 8080 (http)
2024-05-20 13:32:23 [INFO][org.apache.coyote.http11.Http11NioProtocol][log][173]-> Initializing ProtocolHandler ["http-nio-8080"]
2024-05-20 13:32:23 [INFO][org.apache.catalina.core.StandardService][log][173]-> Starting service [Tomcat]
2024-05-20 13:32:23 [INFO][org.apache.catalina.core.StandardEngine][log][173]-> Starting Servlet engine: [Apache Tomcat/9.0.55]
2024-05-20 13:32:23 [WARN][org.apache.catalina.core.AprLifecycleListener][log][173]-> This listener must only be nested within Server elements, but is in [TomcatEmbeddedContext].
2024-05-20 13:32:23 [INFO][org.apache.catalina.core.AprLifecycleListener][log][173]-> Loaded Apache Tomcat Native library [1.2.35] using APR version [1.7.0].
2024-05-20 13:32:23 [INFO][org.apache.catalina.core.AprLifecycleListener][log][173]-> APR capabilities: IPv6 [true], sendfile [true], accept filters [false], random [true], UDS [true].
2024-05-20 13:32:23 [INFO][org.apache.catalina.core.AprLifecycleListener][log][173]-> APR/OpenSSL configuration: useAprConnector [false], useOpenSSL [true]
2024-05-20 13:32:23 [INFO][org.apache.catalina.core.AprLifecycleListener][log][173]-> OpenSSL successfully initialized [OpenSSL 1.1.1q  5 Jul 2022]
2024-05-20 13:32:23 [INFO][org.apache.catalina.core.ContainerBase.[Tomcat].[localhost].[/api]][log][173]-> Initializing Spring embedded WebApplicationContext
2024-05-20 13:32:23 [INFO][org.springframework.boot.web.servlet.context.ServletWebServerApplicationContext][prepareWebApplicationContext][290]-> Root WebApplicationContext: initialization completed in 767 ms
2024-05-20 13:32:24 [INFO][org.apache.coyote.http11.Http11NioProtocol][log][173]-> Starting ProtocolHandler ["http-nio-8080"]
2024-05-20 13:32:24 [INFO][org.springframework.boot.web.embedded.tomcat.TomcatWebServer][start][220]-> Tomcat started on port(s): 8080 (http) with context path '/api'
2024-05-20 13:32:24 [INFO][com.alj.BbsWebApplication][logStarted][61]-> Started BbsWebApplication in 2.426 seconds (JVM running for 3.161)
2024-05-20 13:32:24 [INFO][com.zaxxer.hikari.HikariDataSource][getConnection][110]-> HikariCPDatasource - Starting...
2024-05-20 13:32:24 [INFO][com.zaxxer.hikari.HikariDataSource][getConnection][123]-> HikariCPDatasource - Start completed.
2024-05-20 13:32:34 [INFO][org.apache.catalina.core.ContainerBase.[Tomcat].[localhost].[/api]][log][173]-> Initializing Spring DispatcherServlet 'dispatcherServlet'
2024-05-20 13:32:34 [INFO][org.springframework.web.servlet.DispatcherServlet][initServletBean][525]-> Initializing Servlet 'dispatcherServlet'
2024-05-20 13:32:34 [INFO][org.springframework.web.servlet.DispatcherServlet][initServletBean][547]-> Completed initialization in 0 ms
2024-05-20 13:32:46 [ERROR][com.alj.controller.AGlobalExceptionHandlerController][handleException][24]-> 请求错误，请求地址http://localhost:8080/api/login,错误信息:
com.alj.exception.BusinessException: 图片验证码错误
2024-05-20 13:32:58 [INFO][org.apache.mahout.cf.taste.impl.model.GenericDataModel][<init>][113]-> Processed 2 users
2024-05-20 13:46:48 [INFO][com.zaxxer.hikari.HikariDataSource][close][350]-> HikariCPDatasource - Shutdown initiated...
2024-05-20 13:46:48 [INFO][com.zaxxer.hikari.HikariDataSource][close][352]-> HikariCPDatasource - Shutdown completed.
