2024-05-07 20:21:14 [INFO][com.alj.BbsAdminApplication][logStarting][55]-> Starting BbsAdminApplication using Java 1.8.0_281 on LAPTOP-BLDFP1U1 with PID 15500 (D:\java\bbsforalj\bbs-backend\bbs-admin\target\classes started by alj in D:\java\bbsforalj)
2024-05-07 20:21:14 [INFO][com.alj.BbsAdminApplication][logStartupProfileInfo][635]-> No active profile set, falling back to default profiles: default
2024-05-07 20:21:15 [WARN][org.mybatis.spring.mapper.ClassPathMapperScanner][warn][44]-> Skipping MapperFactoryBean with name 'emailCodeMapper' and 'com.alj.mapper.EmailCodeMapper' mapperInterface. Bean already defined with the same name!
2024-05-07 20:21:15 [WARN][org.mybatis.spring.mapper.ClassPathMapperScanner][warn][44]-> Skipping MapperFactoryBean with name 'forumArticleMapper' and 'com.alj.mapper.ForumArticleMapper' mapperInterface. Bean already defined with the same name!
2024-05-07 20:21:15 [WARN][org.mybatis.spring.mapper.ClassPathMapperScanner][warn][44]-> Skipping MapperFactoryBean with name 'forumBoardMapper' and 'com.alj.mapper.ForumBoardMapper' mapperInterface. Bean already defined with the same name!
2024-05-07 20:21:15 [WARN][org.mybatis.spring.mapper.ClassPathMapperScanner][warn][44]-> Skipping MapperFactoryBean with name 'forumCommentMapper' and 'com.alj.mapper.ForumCommentMapper' mapperInterface. Bean already defined with the same name!
2024-05-07 20:21:15 [WARN][org.mybatis.spring.mapper.ClassPathMapperScanner][warn][44]-> Skipping MapperFactoryBean with name 'likeRecordMapper' and 'com.alj.mapper.LikeRecordMapper' mapperInterface. Bean already defined with the same name!
2024-05-07 20:21:15 [WARN][org.mybatis.spring.mapper.ClassPathMapperScanner][warn][44]-> Skipping MapperFactoryBean with name 'sysSettingMapper' and 'com.alj.mapper.SysSettingMapper' mapperInterface. Bean already defined with the same name!
2024-05-07 20:21:15 [WARN][org.mybatis.spring.mapper.ClassPathMapperScanner][warn][44]-> Skipping MapperFactoryBean with name 'userArticleRecommendMapper' and 'com.alj.mapper.UserArticleRecommendMapper' mapperInterface. Bean already defined with the same name!
2024-05-07 20:21:15 [WARN][org.mybatis.spring.mapper.ClassPathMapperScanner][warn][44]-> Skipping MapperFactoryBean with name 'userInfoMapper' and 'com.alj.mapper.UserInfoMapper' mapperInterface. Bean already defined with the same name!
2024-05-07 20:21:15 [WARN][org.mybatis.spring.mapper.ClassPathMapperScanner][warn][44]-> Skipping MapperFactoryBean with name 'userIntegralRecordMapper' and 'com.alj.mapper.UserIntegralRecordMapper' mapperInterface. Bean already defined with the same name!
2024-05-07 20:21:15 [WARN][org.mybatis.spring.mapper.ClassPathMapperScanner][warn][44]-> Skipping MapperFactoryBean with name 'userMessageMapper' and 'com.alj.mapper.UserMessageMapper' mapperInterface. Bean already defined with the same name!
2024-05-07 20:21:15 [WARN][org.mybatis.spring.mapper.ClassPathMapperScanner][warn][44]-> No MyBatis mapper was found in '[com.alj.mapper]' package. Please check your configuration.
2024-05-07 20:21:15 [INFO][org.springframework.boot.web.embedded.tomcat.TomcatWebServer][initialize][108]-> Tomcat initialized with port(s): 8081 (http)
2024-05-07 20:21:15 [INFO][org.apache.coyote.http11.Http11NioProtocol][log][173]-> Initializing ProtocolHandler ["http-nio-8081"]
2024-05-07 20:21:15 [INFO][org.apache.catalina.core.StandardService][log][173]-> Starting service [Tomcat]
2024-05-07 20:21:15 [INFO][org.apache.catalina.core.StandardEngine][log][173]-> Starting Servlet engine: [Apache Tomcat/9.0.55]
2024-05-07 20:21:15 [WARN][org.apache.catalina.core.AprLifecycleListener][log][173]-> This listener must only be nested within Server elements, but is in [TomcatEmbeddedContext].
2024-05-07 20:21:15 [INFO][org.apache.catalina.core.AprLifecycleListener][log][173]-> Loaded Apache Tomcat Native library [1.2.35] using APR version [1.7.0].
2024-05-07 20:21:15 [INFO][org.apache.catalina.core.AprLifecycleListener][log][173]-> APR capabilities: IPv6 [true], sendfile [true], accept filters [false], random [true], UDS [true].
2024-05-07 20:21:15 [INFO][org.apache.catalina.core.AprLifecycleListener][log][173]-> APR/OpenSSL configuration: useAprConnector [false], useOpenSSL [true]
2024-05-07 20:21:15 [INFO][org.apache.catalina.core.AprLifecycleListener][log][173]-> OpenSSL successfully initialized [OpenSSL 1.1.1q  5 Jul 2022]
2024-05-07 20:21:15 [INFO][org.apache.catalina.core.ContainerBase.[Tomcat].[localhost].[/api]][log][173]-> Initializing Spring embedded WebApplicationContext
2024-05-07 20:21:15 [INFO][org.springframework.boot.web.servlet.context.ServletWebServerApplicationContext][prepareWebApplicationContext][290]-> Root WebApplicationContext: initialization completed in 856 ms
2024-05-07 20:21:17 [INFO][org.apache.coyote.http11.Http11NioProtocol][log][173]-> Starting ProtocolHandler ["http-nio-8081"]
2024-05-07 20:21:17 [INFO][org.springframework.boot.web.embedded.tomcat.TomcatWebServer][start][220]-> Tomcat started on port(s): 8081 (http) with context path '/api'
2024-05-07 20:21:17 [INFO][com.alj.BbsAdminApplication][logStarted][61]-> Started BbsAdminApplication in 2.904 seconds (JVM running for 3.821)
2024-05-07 20:21:17 [INFO][com.zaxxer.hikari.HikariDataSource][getConnection][110]-> HikariCPDatasource - Starting...
2024-05-07 20:21:17 [INFO][com.zaxxer.hikari.HikariDataSource][getConnection][123]-> HikariCPDatasource - Start completed.
2024-05-07 20:22:03 [INFO][org.apache.catalina.core.ContainerBase.[Tomcat].[localhost].[/api]][log][173]-> Initializing Spring DispatcherServlet 'dispatcherServlet'
2024-05-07 20:22:03 [INFO][org.springframework.web.servlet.DispatcherServlet][initServletBean][525]-> Initializing Servlet 'dispatcherServlet'
2024-05-07 20:22:03 [INFO][org.springframework.web.servlet.DispatcherServlet][initServletBean][547]-> Completed initialization in 0 ms
2024-05-07 21:11:15 [INFO][com.zaxxer.hikari.HikariDataSource][close][350]-> HikariCPDatasource - Shutdown initiated...
2024-05-07 21:11:15 [INFO][com.zaxxer.hikari.HikariDataSource][close][352]-> HikariCPDatasource - Shutdown completed.
